<?xml version="1.0" encoding="UTF-8"?>
<testsuite xmlns:xsi="http://www.w3.org/2001/XMLSchema-instance" xsi:noNamespaceSchemaLocation="https://maven.apache.org/surefire/maven-surefire-plugin/xsd/surefire-test-report.xsd" name="Samples.FloorSquareRootTest" time="0.041" tests="2" errors="0" skipped="0" failures="0">
  <properties>
[...]
</properties>
  <testcase name="testA" classname="Samples.FloorSquareRootTest" time="0.031"/>
  <testcase name="testB" classname="Samples.FloorSquareRootTest" time="0"/>
</testsuite>